<?xml version="1.0" encoding="UTF-8"?>
<!-- Generated by org.testng.reporters.JUnitXMLReporter -->
<testsuite ignored="0" hostname="DESKTOP-V5MLE2I" failures="1" tests="5" name="Test" time="0.137" errors="0" timestamp="2022-04-27T08:46:24 IST">
  <testcase classname="testngdiscussion.DependsOnMethodsKeyword" name="loginTest" time="0.015">
    <failure type="java.lang.AssertionError" message="test case failing deliberately">
      <![CDATA[java.lang.AssertionError: test case failing deliberately
at testngdiscussion.DependsOnMethodsKeyword.loginTest(DependsOnMethodsKeyword.java:14)
at java.base/java.util.ArrayList.forEach(ArrayList.java:1511)
... Removed 28 stack frames]]>
    </failure>
  </testcase> <!-- loginTest -->
  <testcase classname="testngdiscussion.DependsOnMethodsKeyword" name="homePage" time="0.0">
    <skipped/>
  </testcase> <!-- homePage -->
  <testcase classname="testngdiscussion.DependsOnMethodsKeyword" name="logout" time="0.0">
    <skipped/>
  </testcase> <!-- logout -->
  <testcase classname="testngdiscussion.DependsOnMethods2" name="profile" time="0.0">
    <skipped/>
  </testcase> <!-- profile -->
  <testcase classname="testngdiscussion.DependsOnMethods2" name="dashBoard" time="0.004"/>
</testsuite> <!-- Test -->
